

Started GET "/" for 127.0.0.1 at 2015-04-03 20:54:40 -0400
Processing by Rails::WelcomeController#index as HTML
  Rendered /usr/local/rvm/gems/ruby-2.0.0-p247@global/gems/railties-4.0.4/lib/rails/templates/rails/welcome/index.html.erb (2.5ms)
Completed 200 OK in 47ms (Views: 13.5ms | ActiveRecord: 0.0ms)


Started GET "/" for 127.0.0.1 at 2015-04-03 21:19:37 -0400
Processing by Rails::WelcomeController#index as HTML
  Rendered /usr/local/rvm/gems/ruby-2.0.0-p247@global/gems/railties-4.0.4/lib/rails/templates/rails/welcome/index.html.erb (0.2ms)
Completed 200 OK in 5ms (Views: 4.6ms | ActiveRecord: 0.0ms)


Started GET "/pages/home" for 127.0.0.1 at 2015-04-03 21:20:36 -0400

ActionController::RoutingError (No route matches [GET] "/pages/home"):
  actionpack (4.0.4) lib/action_dispatch/middleware/debug_exceptions.rb:21:in `call'
  actionpack (4.0.4) lib/action_dispatch/middleware/show_exceptions.rb:30:in `call'
  railties (4.0.4) lib/rails/rack/logger.rb:38:in `call_app'
  railties (4.0.4) lib/rails/rack/logger.rb:20:in `block in call'
  activesupport (4.0.4) lib/active_support/tagged_logging.rb:68:in `block in tagged'
  activesupport (4.0.4) lib/active_support/tagged_logging.rb:26:in `tagged'
  activesupport (4.0.4) lib/active_support/tagged_logging.rb:68:in `tagged'
  railties (4.0.4) lib/rails/rack/logger.rb:20:in `call'
  actionpack (4.0.4) lib/action_dispatch/middleware/request_id.rb:21:in `call'
  rack (1.5.2) lib/rack/methodoverride.rb:21:in `call'
  rack (1.5.2) lib/rack/runtime.rb:17:in `call'
  activesupport (4.0.4) lib/active_support/cache/strategy/local_cache.rb:83:in `call'
  rack (1.5.2) lib/rack/lock.rb:17:in `call'
  actionpack (4.0.4) lib/action_dispatch/middleware/static.rb:64:in `call'
  rack (1.5.2) lib/rack/sendfile.rb:112:in `call'
  railties (4.0.4) lib/rails/engine.rb:511:in `call'
  railties (4.0.4) lib/rails/application.rb:97:in `call'
  rack (1.5.2) lib/rack/lock.rb:17:in `call'
  rack (1.5.2) lib/rack/content_length.rb:14:in `call'
  rack (1.5.2) lib/rack/handler/webrick.rb:60:in `service'
  /usr/local/rvm/rubies/ruby-2.0.0-p247/lib/ruby/2.0.0/webrick/httpserver.rb:138:in `service'
  /usr/local/rvm/rubies/ruby-2.0.0-p247/lib/ruby/2.0.0/webrick/httpserver.rb:94:in `run'
  /usr/local/rvm/rubies/ruby-2.0.0-p247/lib/ruby/2.0.0/webrick/server.rb:295:in `block in start_thread'


  Rendered /usr/local/rvm/gems/ruby-2.0.0-p247@global/gems/actionpack-4.0.4/lib/action_dispatch/middleware/templates/rescues/_trace.erb (1.3ms)
  Rendered /usr/local/rvm/gems/ruby-2.0.0-p247@global/gems/actionpack-4.0.4/lib/action_dispatch/middleware/templates/routes/_table.html.erb (7.4ms)
  Rendered /usr/local/rvm/gems/ruby-2.0.0-p247@global/gems/actionpack-4.0.4/lib/action_dispatch/middleware/templates/rescues/routing_error.erb within rescues/layout (27.3ms)


Started GET "/" for 127.0.0.1 at 2015-04-03 21:27:40 -0400
Processing by PagesController#home as HTML
Completed 500 Internal Server Error in 7ms

ActionView::MissingTemplate (Missing template pages/home, application/home with {:locale=>[:en], :formats=>[:html], :handlers=>[:erb, :builder, :raw, :ruby, :jbuilder, :coffee]}. Searched in:
  * "/Users/esskay/code/codecademy/rails/rails-etsy/etsy-app/app/views"
):
  actionpack (4.0.4) lib/action_view/path_set.rb:46:in `find'
  actionpack (4.0.4) lib/action_view/lookup_context.rb:122:in `find'
  actionpack (4.0.4) lib/action_view/renderer/abstract_renderer.rb:18:in `find_template'
  actionpack (4.0.4) lib/action_view/renderer/template_renderer.rb:35:in `determine_template'
  actionpack (4.0.4) lib/action_view/renderer/template_renderer.rb:8:in `render'
  actionpack (4.0.4) lib/action_view/renderer/renderer.rb:42:in `render_template'
  actionpack (4.0.4) lib/action_view/renderer/renderer.rb:23:in `render'
  actionpack (4.0.4) lib/abstract_controller/rendering.rb:127:in `_render_template'
  actionpack (4.0.4) lib/action_controller/metal/streaming.rb:219:in `_render_template'
  actionpack (4.0.4) lib/abstract_controller/rendering.rb:120:in `render_to_body'
  actionpack (4.0.4) lib/action_controller/metal/rendering.rb:33:in `render_to_body'
  actionpack (4.0.4) lib/action_controller/metal/renderers.rb:26:in `render_to_body'
  actionpack (4.0.4) lib/abstract_controller/rendering.rb:97:in `render'
  actionpack (4.0.4) lib/action_controller/metal/rendering.rb:16:in `render'
  actionpack (4.0.4) lib/action_controller/metal/instrumentation.rb:41:in `block (2 levels) in render'
  activesupport (4.0.4) lib/active_support/core_ext/benchmark.rb:12:in `block in ms'
  /usr/local/rvm/rubies/ruby-2.0.0-p247/lib/ruby/2.0.0/benchmark.rb:296:in `realtime'
  activesupport (4.0.4) lib/active_support/core_ext/benchmark.rb:12:in `ms'
  actionpack (4.0.4) lib/action_controller/metal/instrumentation.rb:41:in `block in render'
  actionpack (4.0.4) lib/action_controller/metal/instrumentation.rb:84:in `cleanup_view_runtime'
  activerecord (4.0.4) lib/active_record/railties/controller_runtime.rb:25:in `cleanup_view_runtime'
  actionpack (4.0.4) lib/action_controller/metal/instrumentation.rb:40:in `render'
  actionpack (4.0.4) lib/action_controller/metal/implicit_render.rb:10:in `default_render'
  actionpack (4.0.4) lib/action_controller/metal/implicit_render.rb:5:in `send_action'
  actionpack (4.0.4) lib/abstract_controller/base.rb:189:in `process_action'
  actionpack (4.0.4) lib/action_controller/metal/rendering.rb:10:in `process_action'
  actionpack (4.0.4) lib/abstract_controller/callbacks.rb:18:in `block in process_action'
  activesupport (4.0.4) lib/active_support/callbacks.rb:403:in `_run__148306336600433952__process_action__callbacks'
  activesupport (4.0.4) lib/active_support/callbacks.rb:80:in `run_callbacks'
  actionpack (4.0.4) lib/abstract_controller/callbacks.rb:17:in `process_action'
  actionpack (4.0.4) lib/action_controller/metal/rescue.rb:29:in `process_action'
  actionpack (4.0.4) lib/action_controller/metal/instrumentation.rb:31:in `block in process_action'
  activesupport (4.0.4) lib/active_support/notifications.rb:159:in `block in instrument'
  activesupport (4.0.4) lib/active_support/notifications/instrumenter.rb:20:in `instrument'
  activesupport (4.0.4) lib/active_support/notifications.rb:159:in `instrument'
  actionpack (4.0.4) lib/action_controller/metal/instrumentation.rb:30:in `process_action'
  actionpack (4.0.4) lib/action_controller/metal/params_wrapper.rb:250:in `process_action'
  activerecord (4.0.4) lib/active_record/railties/controller_runtime.rb:18:in `process_action'
  actionpack (4.0.4) lib/abstract_controller/base.rb:136:in `process'
  actionpack (4.0.4) lib/abstract_controller/rendering.rb:44:in `process'
  actionpack (4.0.4) lib/action_controller/metal.rb:195:in `dispatch'
  actionpack (4.0.4) lib/action_controller/metal/rack_delegation.rb:13:in `dispatch'
  actionpack (4.0.4) lib/action_controller/metal.rb:231:in `block in action'
  actionpack (4.0.4) lib/action_dispatch/routing/route_set.rb:80:in `call'
  actionpack (4.0.4) lib/action_dispatch/routing/route_set.rb:80:in `dispatch'
  actionpack (4.0.4) lib/action_dispatch/routing/route_set.rb:48:in `call'
  actionpack (4.0.4) lib/action_dispatch/journey/router.rb:71:in `block in call'
  actionpack (4.0.4) lib/action_dispatch/journey/router.rb:59:in `each'
  actionpack (4.0.4) lib/action_dispatch/journey/router.rb:59:in `call'
  actionpack (4.0.4) lib/action_dispatch/routing/route_set.rb:674:in `call'
  rack (1.5.2) lib/rack/etag.rb:23:in `call'
  rack (1.5.2) lib/rack/conditionalget.rb:25:in `call'
  rack (1.5.2) lib/rack/head.rb:11:in `call'
  actionpack (4.0.4) lib/action_dispatch/middleware/params_parser.rb:27:in `call'
  actionpack (4.0.4) lib/action_dispatch/middleware/flash.rb:241:in `call'
  rack (1.5.2) lib/rack/session/abstract/id.rb:225:in `context'
  rack (1.5.2) lib/rack/session/abstract/id.rb:220:in `call'
  actionpack (4.0.4) lib/action_dispatch/middleware/cookies.rb:486:in `call'
  activerecord (4.0.4) lib/active_record/query_cache.rb:36:in `call'
  activerecord (4.0.4) lib/active_record/connection_adapters/abstract/connection_pool.rb:626:in `call'
  activerecord (4.0.4) lib/active_record/migration.rb:373:in `call'
  actionpack (4.0.4) lib/action_dispatch/middleware/callbacks.rb:29:in `block in call'
  activesupport (4.0.4) lib/active_support/callbacks.rb:373:in `_run__4058450751206926766__call__callbacks'
  activesupport (4.0.4) lib/active_support/callbacks.rb:80:in `run_callbacks'
  actionpack (4.0.4) lib/action_dispatch/middleware/callbacks.rb:27:in `call'
  actionpack (4.0.4) lib/action_dispatch/middleware/reloader.rb:64:in `call'
  actionpack (4.0.4) lib/action_dispatch/middleware/remote_ip.rb:76:in `call'
  actionpack (4.0.4) lib/action_dispatch/middleware/debug_exceptions.rb:17:in `call'
  actionpack (4.0.4) lib/action_dispatch/middleware/show_exceptions.rb:30:in `call'
  railties (4.0.4) lib/rails/rack/logger.rb:38:in `call_app'
  railties (4.0.4) lib/rails/rack/logger.rb:20:in `block in call'
  activesupport (4.0.4) lib/active_support/tagged_logging.rb:68:in `block in tagged'
  activesupport (4.0.4) lib/active_support/tagged_logging.rb:26:in `tagged'
  activesupport (4.0.4) lib/active_support/tagged_logging.rb:68:in `tagged'
  railties (4.0.4) lib/rails/rack/logger.rb:20:in `call'
  actionpack (4.0.4) lib/action_dispatch/middleware/request_id.rb:21:in `call'
  rack (1.5.2) lib/rack/methodoverride.rb:21:in `call'
  rack (1.5.2) lib/rack/runtime.rb:17:in `call'
  activesupport (4.0.4) lib/active_support/cache/strategy/local_cache.rb:83:in `call'
  rack (1.5.2) lib/rack/lock.rb:17:in `call'
  actionpack (4.0.4) lib/action_dispatch/middleware/static.rb:64:in `call'
  rack (1.5.2) lib/rack/sendfile.rb:112:in `call'
  railties (4.0.4) lib/rails/engine.rb:511:in `call'
  railties (4.0.4) lib/rails/application.rb:97:in `call'
  rack (1.5.2) lib/rack/lock.rb:17:in `call'
  rack (1.5.2) lib/rack/content_length.rb:14:in `call'
  rack (1.5.2) lib/rack/handler/webrick.rb:60:in `service'
  /usr/local/rvm/rubies/ruby-2.0.0-p247/lib/ruby/2.0.0/webrick/httpserver.rb:138:in `service'
  /usr/local/rvm/rubies/ruby-2.0.0-p247/lib/ruby/2.0.0/webrick/httpserver.rb:94:in `run'
  /usr/local/rvm/rubies/ruby-2.0.0-p247/lib/ruby/2.0.0/webrick/server.rb:295:in `block in start_thread'


  Rendered /usr/local/rvm/gems/ruby-2.0.0-p247@global/gems/actionpack-4.0.4/lib/action_dispatch/middleware/templates/rescues/missing_template.erb within rescues/layout (0.6ms)


Started GET "/" for 127.0.0.1 at 2015-04-03 21:29:24 -0400
Processing by PagesController#home as HTML
  Rendered pages/home.html.erb within layouts/application (0.5ms)
Completed 200 OK in 2266ms (Views: 2265.8ms | ActiveRecord: 0.0ms)


Started GET "/assets/pages.css?body=1" for 127.0.0.1 at 2015-04-03 21:29:27 -0400


Started GET "/assets/application.css?body=1" for 127.0.0.1 at 2015-04-03 21:29:27 -0400


Started GET "/assets/application.js?body=1" for 127.0.0.1 at 2015-04-03 21:29:27 -0400


Started GET "/assets/pages.js?body=1" for 127.0.0.1 at 2015-04-03 21:29:27 -0400


Started GET "/assets/jquery_ujs.js?body=1" for 127.0.0.1 at 2015-04-03 21:29:27 -0400


Started GET "/assets/jquery.js?body=1" for 127.0.0.1 at 2015-04-03 21:29:27 -0400


Started GET "/assets/turbolinks.js?body=1" for 127.0.0.1 at 2015-04-03 21:29:27 -0400


Started GET "/" for 127.0.0.1 at 2015-04-03 22:43:31 -0400
Processing by PagesController#home as HTML
  Rendered pages/home.html.erb within layouts/application (11.1ms)
Completed 500 Internal Server Error in 35ms

ActionView::Template::Error (Missing partial shared/topnav with {:locale=>[:en], :formats=>[:html], :handlers=>[:erb, :builder, :raw, :ruby, :jbuilder, :coffee]}. Searched in:
  * "/Users/esskay/code/codecademy/rails/rails-etsy/etsy-app/app/views"
):
    1: <%= render 'shared/topnav' %>
    2: 
    3: <div class="jumbotron">
    4:   <div class="container">
  app/views/pages/home.html.erb:1:in `_app_views_pages_home_html_erb___1275356213453519453_70338955519020'


  Rendered /usr/local/rvm/gems/ruby-2.0.0-p247@global/gems/actionpack-4.0.4/lib/action_dispatch/middleware/templates/rescues/_trace.erb (2.5ms)
  Rendered /usr/local/rvm/gems/ruby-2.0.0-p247@global/gems/actionpack-4.0.4/lib/action_dispatch/middleware/templates/rescues/_request_and_response.erb (2.2ms)
  Rendered /usr/local/rvm/gems/ruby-2.0.0-p247@global/gems/actionpack-4.0.4/lib/action_dispatch/middleware/templates/rescues/template_error.erb within rescues/layout (138.1ms)


Started GET "/" for 127.0.0.1 at 2015-04-03 22:55:47 -0400
Processing by PagesController#home as HTML
  Rendered shared/_topnav.html.erb (0.6ms)
  Rendered pages/home.html.erb within layouts/application (4.7ms)
Completed 500 Internal Server Error in 10ms

ActionView::Template::Error (Missing partial shared/footer with {:locale=>[:en], :formats=>[:html], :handlers=>[:erb, :builder, :raw, :ruby, :jbuilder, :coffee]}. Searched in:
  * "/Users/esskay/code/codecademy/rails/rails-etsy/etsy-app/app/views"
):
    37:   </div>
    38: </div>
    39: 
    40: <%= render 'shared/footer' %>
  app/views/pages/home.html.erb:40:in `_app_views_pages_home_html_erb___1275356213453519453_70338953843200'


  Rendered /usr/local/rvm/gems/ruby-2.0.0-p247@global/gems/actionpack-4.0.4/lib/action_dispatch/middleware/templates/rescues/_trace.erb (1.6ms)
  Rendered /usr/local/rvm/gems/ruby-2.0.0-p247@global/gems/actionpack-4.0.4/lib/action_dispatch/middleware/templates/rescues/_request_and_response.erb (1.5ms)
  Rendered /usr/local/rvm/gems/ruby-2.0.0-p247@global/gems/actionpack-4.0.4/lib/action_dispatch/middleware/templates/rescues/template_error.erb within rescues/layout (16.3ms)


Started GET "/" for 127.0.0.1 at 2015-04-03 23:11:23 -0400
Processing by PagesController#home as HTML
  Rendered shared/_topnav.html.erb (0.2ms)
  Rendered shared/_footer.html.erb (0.9ms)
  Rendered pages/home.html.erb within layouts/application (4.6ms)
Completed 200 OK in 20ms (Views: 18.1ms | ActiveRecord: 0.0ms)


Started GET "/assets/application.css?body=1" for 127.0.0.1 at 2015-04-03 23:11:23 -0400


Started GET "/assets/jquery.js?body=1" for 127.0.0.1 at 2015-04-03 23:11:23 -0400


Started GET "/assets/application.js?body=1" for 127.0.0.1 at 2015-04-03 23:11:23 -0400


Started GET "/assets/pages.css?body=1" for 127.0.0.1 at 2015-04-03 23:11:23 -0400


Started GET "/assets/jquery_ujs.js?body=1" for 127.0.0.1 at 2015-04-03 23:11:23 -0400


Started GET "/assets/turbolinks.js?body=1" for 127.0.0.1 at 2015-04-03 23:11:23 -0400


Started GET "/assets/pages.js?body=1" for 127.0.0.1 at 2015-04-03 23:11:23 -0400
